<?xml version="1.0" encoding="UTF-8"?>
<testng-results ignored="0" total="1" passed="0" failed="1" skipped="0">
  <reporter-output>
  </reporter-output>
  <suite started-at="2023-10-11T19:56:17 IST" name="Default suite" finished-at="2023-10-11T19:56:46 IST" duration-ms="28859">
    <groups>
    </groups>
    <test started-at="2023-10-11T19:56:17 IST" name="Default test" finished-at="2023-10-11T19:56:46 IST" duration-ms="28859">
      <class name="com.PARABankPractieGroup.TestLayer.TransferFundTest">
        <test-method is-config="true" signature="setup()[pri:0, instance:com.PARABankPractieGroup.TestLayer.TransferFundTest@689604d9]" started-at="2023-10-11T19:56:17 IST" name="setup" finished-at="2023-10-11T19:56:37 IST" duration-ms="19628" status="PASS">
          <reporter-output>
          </reporter-output>
        </test-method> <!-- setup -->
        <test-method signature="validateTransferFund()[pri:0, instance:com.PARABankPractieGroup.TestLayer.TransferFundTest@689604d9]" started-at="2023-10-11T19:56:37 IST" name="validateTransferFund" finished-at="2023-10-11T19:56:45 IST" duration-ms="8070" status="FAIL">
          <exception class="java.lang.AssertionError">
            <message>
              <![CDATA[expected [Transfer Complete!] but found [Transfer Funds]]]>
            </message>
            <full-stacktrace>
              <![CDATA[java.lang.AssertionError: expected [Transfer Complete!] but found [Transfer Funds]
at org.testng.Assert.fail(Assert.java:111)
at org.testng.Assert.failNotEquals(Assert.java:1578)
at org.testng.Assert.assertEqualsImpl(Assert.java:150)
at org.testng.Assert.assertEquals(Assert.java:132)
at org.testng.Assert.assertEquals(Assert.java:656)
at org.testng.Assert.assertEquals(Assert.java:666)
at com.PARABankPractieGroup.TestLayer.TransferFundTest.validateTransferFund(TransferFundTest.java:30)
at java.base/jdk.internal.reflect.DirectMethodHandleAccessor.invoke(DirectMethodHandleAccessor.java:104)
at java.base/java.lang.reflect.Method.invoke(Method.java:578)
at org.testng.internal.invokers.MethodInvocationHelper.invokeMethod(MethodInvocationHelper.java:139)
at org.testng.internal.invokers.TestInvoker.invokeMethod(TestInvoker.java:664)
at org.testng.internal.invokers.TestInvoker.invokeTestMethod(TestInvoker.java:227)
at org.testng.internal.invokers.MethodRunner.runInSequence(MethodRunner.java:50)
at org.testng.internal.invokers.TestInvoker$MethodInvocationAgent.invoke(TestInvoker.java:957)
at org.testng.internal.invokers.TestInvoker.invokeTestMethods(TestInvoker.java:200)
at org.testng.internal.invokers.TestMethodWorker.invokeTestMethods(TestMethodWorker.java:148)
at org.testng.internal.invokers.TestMethodWorker.run(TestMethodWorker.java:128)
at java.base/java.util.ArrayList.forEach(ArrayList.java:1511)
at org.testng.TestRunner.privateRun(TestRunner.java:848)
at org.testng.TestRunner.run(TestRunner.java:621)
at org.testng.SuiteRunner.runTest(SuiteRunner.java:443)
at org.testng.SuiteRunner.runSequentially(SuiteRunner.java:437)
at org.testng.SuiteRunner.privateRun(SuiteRunner.java:397)
at org.testng.SuiteRunner.run(SuiteRunner.java:336)
at org.testng.SuiteRunnerWorker.runSuite(SuiteRunnerWorker.java:52)
at org.testng.SuiteRunnerWorker.run(SuiteRunnerWorker.java:95)
at org.testng.TestNG.runSuitesSequentially(TestNG.java:1280)
at org.testng.TestNG.runSuitesLocally(TestNG.java:1200)
at org.testng.TestNG.runSuites(TestNG.java:1114)
at org.testng.TestNG.run(TestNG.java:1082)
at org.testng.remote.AbstractRemoteTestNG.run(AbstractRemoteTestNG.java:115)
at org.testng.remote.RemoteTestNG.initAndRun(RemoteTestNG.java:251)
at org.testng.remote.RemoteTestNG.main(RemoteTestNG.java:77)
]]>
            </full-stacktrace>
          </exception> <!-- java.lang.AssertionError -->
          <reporter-output>
          </reporter-output>
        </test-method> <!-- validateTransferFund -->
        <test-method is-config="true" signature="end()[pri:0, instance:com.PARABankPractieGroup.TestLayer.TransferFundTest@689604d9]" started-at="2023-10-11T19:56:45 IST" name="end" finished-at="2023-10-11T19:56:46 IST" duration-ms="1007" status="PASS">
          <reporter-output>
          </reporter-output>
        </test-method> <!-- end -->
      </class> <!-- com.PARABankPractieGroup.TestLayer.TransferFundTest -->
    </test> <!-- Default test -->
  </suite> <!-- Default suite -->
</testng-results>
